<?xml version="1.0" encoding="UTF-8"?>
<!-- Generated by org.testng.reporters.JUnitReportReporter -->
<testsuite hostname="DESKTOP-C7DF438" failures="0" tests="1" name="testBase.TC01_AccountRegistrationTest" time="1.257" errors="0" timestamp="2024-12-14T13:16:15 IST" skipped="0">
  <testcase classname="testBase.TC01_AccountRegistrationTest" name="verify_account_registration" time="1.257"/>
</testsuite> <!-- testBase.TC01_AccountRegistrationTest -->
