<?xml version="1.0" encoding="UTF-8"?>
<!-- Generated by org.testng.reporters.JUnitReportReporter -->
<testsuite hostname="DESKTOP-C7DF438" failures="0" tests="1" name="testCases.TC02_LoginTest" time="2.475" errors="0" timestamp="2024-12-19T23:16:11 IST" skipped="0">
  <testcase classname="testCases.TC02_LoginTest" name="verify_login" time="2.475"/>
</testsuite> <!-- testCases.TC02_LoginTest -->
