<?xml version="1.0" encoding="UTF-8"?>
<!-- Generated by org.testng.reporters.JUnitReportReporter -->
<testsuite hostname="DESKTOP-C7DF438" failures="0" tests="1" name="testCases.TC01_AccountRegistrationTest" time="3.841" errors="0" timestamp="2024-12-20T11:25:24 IST" skipped="0">
  <testcase classname="testCases.TC01_AccountRegistrationTest" name="verify_account_registration" time="3.841"/>
</testsuite> <!-- testCases.TC01_AccountRegistrationTest -->
